/services	GET, 200
/products/category/clothing	POST, 200
/register	GET, 200
/services	GET, 200
/	PUT, 403
/search?sort=price_desc&page=2	GET, 200
/	DELETE, 301
/register	POST, 404
/login	GET, 404
/api/users	GET, 403
/api/users	GET, 404
/products/category/clothing?sort=price_desc	DELETE, 304
/search	POST, 404
/home?q=search+term&page=2	DELETE, 403
/cart	DELETE, 302
/checkout?page=2&category=electronics	PUT, 404
/about?page=2	GET, 200
/products	POST, 403
/products/category/electronics	DELETE, 200
/products/category/electronics	POST, 400
/?category=electronics&sort=price_desc&page=2	GET, 403
/register	GET, 400
/blog	DELETE, 403
/contact	GET, 404
/search	GET, 403
/cart	GET, 304
/home	GET, 302
/services	PUT, 500
/contact	GET, 302
/blog	PUT, 200
/products/category/clothing	DELETE, 200
/home	DELETE, 500
/home?category=electronics&page=2&sort=price_desc	GET, 304
/products?page=2&sort=price_desc	PUT, 200
/blog?page=2	GET, 500
/products/category/electronics?category=electronics	POST, 403
/products	DELETE, 500
/products/category/clothing	DELETE, 400
/api/users?sort=price_desc&page=2	GET, 200
/blog	GET, 302
/services	GET, 200
/	GET, 200
/	GET, 304
/products/category/electronics?page=2	DELETE, 302
/search	POST, 404
/register	DELETE, 200
/login?sort=price_desc&page=2&q=search+term	PUT, 304
/home	GET, 301
/products	GET, 200
/search?category=electronics	PUT, 302
/about	PUT, 500
/services?sort=price_desc&page=2&limit=20	GET, 200
/products?page=2&category=electronics&sort=price_desc	POST, 301
/login?q=search+term&category=electronics	POST, 200
/api/users	PUT, 302
/products/category/electronics?page=2&category=electronics&sort=price_desc	DELETE, 302
/products/category/clothing	POST, 200
/login	GET, 302
/	GET, 403
/blog	GET, 200
/	GET, 304
/api/users	DELETE, 200
/	GET, 403
/about	GET, 304
/home	PUT, 302
/cart	DELETE, 304
/checkout	POST, 200
/blog?category=electronics&q=search+term	POST, 200
/api/users	GET, 304
/blog	GET, 200
/register	POST, 200
/products	POST, 200
/checkout	GET, 400
/contact	GET, 304
/login	GET, 200
/services?category=electronics&sort=price_desc&q=search+term	GET, 404
/checkout	GET, 403
/products	PUT, 500
/search?sort=price_desc&category=electronics	PUT, 200
/products/category/electronics	POST, 301
/cart	GET, 304
/products/category/clothing?page=2&limit=20&q=search+term	GET, 200
/home	DELETE, 404
/home	GET, 304
/products?page=2	POST, 200
/contact	GET, 200
/products?sort=price_desc	DELETE, 200
/home?category=electronics&sort=price_desc	POST, 200
/contact?page=2	GET, 403
/home?page=2&category=electronics&q=search+term	POST, 500
/products/category/electronics	GET, 403
/blog?category=electronics&page=2&q=search+term	GET, 301
/about?page=2&category=electronics&limit=20	PUT, 500
/services	POST, 302
/home	GET, 304
/login	PUT, 500
/products?page=2&limit=20	GET, 302
/api/users	POST, 404
/login?page=2&category=electronics&sort=price_desc	PUT, 400
/products	POST, 200
/cart?sort=price_desc	DELETE, 302
/search	GET, 200
/products/category/electronics?page=2&sort=price_desc	PUT, 200
/about	GET, 200
/services	DELETE, 200
/services	POST, 301
/services?q=search+term&sort=price_desc	POST, 403
/products/category/clothing	DELETE, 304
/register	GET, 200
/cart	GET, 404
/products/category/electronics	GET, 200
/cart	POST, 500
/products/category/clothing	POST, 301
/blog	DELETE, 302
/register	DELETE, 304
/products	GET, 302
/products/category/clothing	PUT, 304
/about?sort=price_desc&page=2	GET, 304
/services?category=electronics	DELETE, 200
/contact?page=2&sort=price_desc	GET, 302
/home	GET, 304
/cart	DELETE, 200
/api/users?category=electronics&page=2&sort=price_desc	DELETE, 500
/login	PUT, 200
/checkout?category=electronics	GET, 200
/login	POST, 403
/contact	GET, 404
/search?sort=price_desc	DELETE, 400
/products/category/electronics?page=2&sort=price_desc	GET, 200
/products/category/clothing	GET, 302
/blog?category=electronics&sort=price_desc&limit=20	PUT, 400
/search	POST, 404
/contact?sort=price_desc	DELETE, 301
/checkout?q=search+term&category=electronics	GET, 200
/blog	GET, 200
/	POST, 200
/blog	DELETE, 400
/?sort=price_desc&page=2&q=search+term	GET, 403
/products/category/clothing?page=2&sort=price_desc	GET, 302
/products/category/clothing	GET, 403
/blog	GET, 200
/contact?sort=price_desc	PUT, 403
/products/category/electronics	POST, 200
/home?page=2&category=electronics	PUT, 403
/?page=2&limit=20	POST, 301
/home	GET, 200
/register	GET, 301
/services?limit=20	DELETE, 200
/register	PUT, 404
/login?q=search+term&page=2&sort=price_desc	PUT, 301
/contact?sort=price_desc	GET, 500
/about	PUT, 403
/search	DELETE, 400
/checkout	GET, 304
/products	GET, 304
/products/category/electronics?page=2	POST, 200
/checkout	DELETE, 403
/about	DELETE, 302
/cart?sort=price_desc	GET, 301
/blog	GET, 200
/about?page=2	PUT, 304
/login	GET, 302
/about	GET, 302
/blog?category=electronics	POST, 404
/products	DELETE, 304
/contact?sort=price_desc&page=2	GET, 500
/	GET, 200
/register	POST, 400
/services?page=2&sort=price_desc&category=electronics	POST, 200
/checkout?sort=price_desc&category=electronics	GET, 200
/products?page=2	PUT, 400
/contact	GET, 200
/home?sort=price_desc&category=electronics&q=search+term	PUT, 302
/blog?sort=price_desc	POST, 304
/contact	DELETE, 302
/register	GET, 304
/login	GET, 302
/products/category/clothing?category=electronics&sort=price_desc&q=search+term	DELETE, 500
/products/category/electronics	POST, 301
/products	POST, 404
/api/users	GET, 301
/products/category/electronics	GET, 302
/blog	PUT, 302
/services	GET, 301
/contact?page=2	GET, 301
/cart	DELETE, 200
/products/category/clothing	POST, 200
/products/category/electronics	PUT, 403
/blog?category=electronics	DELETE, 403
/products/category/electronics	GET, 200
/blog	GET, 304
/products	PUT, 200
/services	PUT, 200
/search	PUT, 200
/products/category/electronics?sort=price_desc	DELETE, 304
/contact?limit=20&q=search+term&category=electronics	GET, 403
/	POST, 301
/services	GET, 200
/cart	POST, 200
/login	POST, 500
/login	GET, 200
/services	GET, 200
/cart	POST, 304
/login?page=2&q=search+term&category=electronics	POST, 200
/products	GET, 200
/products/category/clothing	GET, 200
/checkout	GET, 400
/api/users	POST, 404
/products?sort=price_desc&category=electronics&page=2	PUT, 301
/blog	GET, 403
/contact	GET, 500
/api/users?limit=20&category=electronics	PUT, 200
/products/category/clothing	GET, 302
/api/users	GET, 301
/services?category=electronics&sort=price_desc	GET, 404
/contact	GET, 304
/login	PUT, 200
/products	GET, 404
/	PUT, 304
/products/category/electronics	GET, 302
/cart	POST, 301
/products?q=search+term	GET, 404
/checkout	GET, 200
/products/category/electronics	GET, 200
/home	DELETE, 400
/blog?sort=price_desc	GET, 200
/api/users	PUT, 200
/contact	PUT, 302
/blog?sort=price_desc&category=electronics	PUT, 400
/blog	DELETE, 304
/cart	PUT, 302
/register	PUT, 404
/products/category/clothing?sort=price_desc&page=2&category=electronics	DELETE, 403
/contact	GET, 304
/about	GET, 304
/contact	PUT, 200
/api/users	GET, 400
/api/users	PUT, 400
/login	POST, 200
/login?category=electronics	GET, 500
/about	DELETE, 200
/checkout?category=electronics	DELETE, 304
/services?page=2&sort=price_desc	POST, 403
/	DELETE, 301
/blog	GET, 200
/register?page=2&category=electronics&q=search+term	GET, 400
/register?page=2&sort=price_desc	POST, 302
/login	POST, 200
/	GET, 403
/products	POST, 304
/home?category=electronics&q=search+term&limit=20	GET, 304
/products/category/electronics	POST, 301
/products	GET, 200
/login?page=2	POST, 200
/services?sort=price_desc&page=2&limit=20	POST, 304
/login?category=electronics	GET, 403
/login?category=electronics&q=search+term	GET, 200
/blog	GET, 200
/services?q=search+term	DELETE, 200
/products/category/clothing	DELETE, 304
/about	GET, 301
/about	GET, 200
/api/users?page=2&limit=20&q=search+term	GET, 403
/home?sort=price_desc	PUT, 200
/checkout?q=search+term&page=2&sort=price_desc	DELETE, 302
/products?category=electronics&sort=price_desc	GET, 403
/	PUT, 302
/contact	GET, 301
/register	DELETE, 304
/products/category/electronics	GET, 500
/checkout	GET, 500
/blog?sort=price_desc&page=2&limit=20	GET, 200
/register	PUT, 200
/services?page=2	GET, 500
/home	GET, 500
/contact	POST, 200
/products/category/electronics	PUT, 500
/login	GET, 200
/?category=electronics	GET, 301
/products/category/electronics	POST, 200
/search	GET, 301
/about	GET, 302
/blog	GET, 304
/checkout	DELETE, 404
/search?sort=price_desc	POST, 404
/cart	PUT, 200
/about	GET, 200
/home?sort=price_desc	GET, 500
/register	GET, 200
/home	POST, 302
/services	GET, 400
/api/users?category=electronics	GET, 400
/search	PUT, 200
/cart	GET, 400
/	GET, 304
/cart?page=2	GET, 404
/home	GET, 200
/about	GET, 500
/products	DELETE, 200
/search?sort=price_desc	DELETE, 500
/checkout?sort=price_desc	GET, 200
/home?page=2&sort=price_desc	POST, 404
/services	GET, 302
/products	DELETE, 200
/search	POST, 200
/cart?page=2	DELETE, 403
/	GET, 400
/services	DELETE, 200
/about	GET, 200
/api/users	GET, 404
/cart?category=electronics	GET, 304
/checkout?page=2	GET, 304
/products/category/electronics	GET, 200
/about	POST, 302
/services	PUT, 301
/home	PUT, 302
/login	PUT, 302
/products/category/clothing?page=2&category=electronics&sort=price_desc	GET, 301
/services	POST, 200
/services	GET, 302
/cart?page=2&q=search+term&category=electronics	GET, 302
/	POST, 400
/search	PUT, 301
/register?page=2&sort=price_desc	DELETE, 200
/api/users	DELETE, 302
/products/category/electronics	PUT, 400
/contact	GET, 200
/api/users	PUT, 400
/login	GET, 302
/home	GET, 200
/products	GET, 200
/search	POST, 302
/products/category/clothing	GET, 200
/about	GET, 200
/register	PUT, 304
/home	PUT, 404
/api/users	GET, 200
/products/category/electronics	GET, 302
/products	POST, 304
/products?sort=price_desc	DELETE, 400
/products/category/clothing?limit=20&sort=price_desc	GET, 400
/checkout	GET, 403
/checkout	GET, 500
/	DELETE, 200
/?sort=price_desc&category=electronics	PUT, 200
/search?sort=price_desc&page=2&category=electronics	PUT, 200
/products?sort=price_desc	GET, 200
/products/category/clothing	GET, 200
/home	POST, 301
/home	DELETE, 404
/products/category/electronics	GET, 200
/products/category/electronics	POST, 200
/products/category/electronics	GET, 302
/contact?limit=20&page=2&category=electronics	GET, 304
/search	DELETE, 304
/contact?category=electronics&page=2&sort=price_desc	DELETE, 403
/contact	GET, 200
/	POST, 200
/	DELETE, 200
/search?sort=price_desc&q=search+term	GET, 500
/products/category/clothing?page=2	POST, 200
/login	GET, 404
/about?sort=price_desc	DELETE, 403
/login?limit=20	GET, 301
/api/users?sort=price_desc	GET, 500
/products	POST, 302
/contact	POST, 500
/cart	GET, 301
/register	POST, 200
/	GET, 200
/about	GET, 301
/home	GET, 302
/contact	GET, 302
/api/users?sort=price_desc	GET, 304
/services?q=search+term&sort=price_desc	GET, 302
/blog	PUT, 302
/contact?q=search+term	GET, 404
/	PUT, 200
/api/users	GET, 200
/products/category/clothing	POST, 400
/services	GET, 200
/products/category/electronics	POST, 400
/	GET, 302
/home	GET, 200
/services?page=2&sort=price_desc&category=electronics	DELETE, 500
/checkout	PUT, 200
/home?limit=20&sort=price_desc&page=2	PUT, 200
/home	DELETE, 200
/home?sort=price_desc	GET, 400
/register?sort=price_desc	GET, 404
/cart	POST, 302
/login	GET, 200
/login?category=electronics&limit=20&sort=price_desc	GET, 404
/products/category/clothing	POST, 400
/api/users	GET, 304
/cart	POST, 403
/	DELETE, 403
/?sort=price_desc&page=2&category=electronics	PUT, 500
/search	GET, 400
/blog	POST, 404
/contact	DELETE, 301
/cart?sort=price_desc&page=2	GET, 403
/products	GET, 302
/about?q=search+term&page=2	DELETE, 500
/products/category/clothing	GET, 400
/products/category/clothing	GET, 200
/	GET, 200
/products/category/clothing	PUT, 400
/login?page=2	GET, 200
/services	GET, 500
/contact	GET, 304
/cart?category=electronics&page=2	GET, 200
/products/category/clothing	POST, 304
/checkout	GET, 400
/products?sort=price_desc&category=electronics	PUT, 400
/products	GET, 304
/services	GET, 500
/services?limit=20	GET, 200
/contact	GET, 200
/login	GET, 304
/cart	DELETE, 200
/contact?sort=price_desc	DELETE, 400
/cart	DELETE, 200
/blog?page=2	GET, 404
/home?category=electronics	GET, 400
/products?sort=price_desc&page=2	PUT, 500
/checkout?page=2	POST, 302
/	DELETE, 404
/login?limit=20&q=search+term&page=2	PUT, 403
/register	GET, 500
/contact?page=2&category=electronics	GET, 404
/checkout	GET, 304
/products/category/clothing	GET, 301
/checkout?category=electronics&sort=price_desc	GET, 500
/about	GET, 403
/cart	PUT, 302
/search	GET, 400
/contact?page=2&q=search+term	POST, 301
/register	PUT, 500
/register?category=electronics&sort=price_desc	PUT, 302
/products	DELETE, 403
/about	DELETE, 404
/register	GET, 500
/	DELETE, 200
/products/category/clothing	POST, 200
/products?page=2	GET, 304
/	GET, 404
/products/category/clothing	GET, 403
/register	PUT, 500
/products	POST, 301
/api/users	POST, 200
/products/category/electronics	GET, 200
/checkout	GET, 304
/login	PUT, 404
/search	POST, 304
/login	DELETE, 302
/home	PUT, 304
/about	GET, 200
/register	GET, 301
/products	POST, 301
/login?sort=price_desc&q=search+term	DELETE, 200
/register?page=2	PUT, 200
/cart	GET, 500
/home	PUT, 200
/home	DELETE, 500
/cart?category=electronics	PUT, 403
/services	PUT, 304
/contact	POST, 400
/	DELETE, 304
/products/category/clothing	PUT, 400
/register?page=2&sort=price_desc&category=electronics	GET, 200
/contact	GET, 403
/search	GET, 404
/blog	GET, 304
/api/users?category=electronics&page=2	GET, 500
/products/category/electronics?page=2&sort=price_desc&category=electronics	PUT, 404
/api/users	GET, 200
/about	POST, 400
/contact?page=2&sort=price_desc	GET, 301
/cart	GET, 301
/	GET, 400
/register?category=electronics	GET, 403
/?page=2&sort=price_desc&category=electronics	GET, 404
/register?page=2&category=electronics	GET, 302
/contact	DELETE, 200
/products/category/electronics	GET, 301
/login	PUT, 302
/api/users?page=2	GET, 500
/login?page=2&sort=price_desc&category=electronics	PUT, 200
/blog	GET, 200
/about	DELETE, 304
/products/category/electronics	GET, 500
/	POST, 500
/services	PUT, 304
/login	GET, 500
/login	PUT, 404
/about	POST, 400
/checkout?category=electronics	PUT, 404
/products/category/electronics?page=2&sort=price_desc	GET, 500
/products/category/clothing?sort=price_desc&q=search+term	GET, 301
/products/category/electronics	PUT, 302
/contact	GET, 302
/checkout	PUT, 403
/register?page=2	GET, 301
/about?sort=price_desc&page=2	DELETE, 304
/checkout?category=electronics&page=2&sort=price_desc	GET, 200
/products/category/electronics?limit=20&q=search+term	GET, 200
/home?category=electronics	GET, 403
/home	DELETE, 302
/contact	GET, 404
/contact	GET, 302
/checkout	POST, 400
/api/users	GET, 304
/checkout	GET, 404
/blog	POST, 500
/api/users	POST, 403
/services	DELETE, 500
/login	GET, 403
/cart?category=electronics	GET, 302
/products?page=2	DELETE, 200
/blog	GET, 404
/login	GET, 200
/api/users	PUT, 302
/login	PUT, 500
/contact	PUT, 500
/checkout	PUT, 404
/search	DELETE, 304
/products/category/clothing	GET, 302
/checkout	GET, 304
/register	POST, 200
/products/category/electronics?category=electronics	GET, 200
/login	POST, 500
/search	GET, 200
/about	GET, 500
/login	DELETE, 304
/about	DELETE, 400
/	DELETE, 404
/about	GET, 304
/checkout	GET, 400
/register	PUT, 404
/products/category/clothing	GET, 400
/products/category/electronics	GET, 302
/	POST, 302
/products?sort=price_desc&page=2&q=search+term	PUT, 200
/register	GET, 200
/cart	GET, 404
/search	GET, 304
/services	DELETE, 200
/register	GET, 404
/search?page=2	POST, 200
/login	POST, 200
/about	POST, 200
/home	DELETE, 404
/cart	GET, 302
/?sort=price_desc&page=2&category=electronics	GET, 403
/api/users	POST, 200
/products/category/clothing?sort=price_desc&page=2	DELETE, 200
/checkout	DELETE, 404
/products/category/electronics	GET, 404
/register	DELETE, 404
/products/category/clothing?page=2	GET, 301
/services	POST, 403
/checkout?page=2&sort=price_desc&q=search+term	DELETE, 302
/search	GET, 404
/	GET, 304
/products/category/electronics	DELETE, 400
/products/category/electronics	PUT, 200
/contact	PUT, 500
/products/category/electronics	GET, 200
/products/category/clothing	GET, 500
/api/users	PUT, 302
/home?page=2&category=electronics	GET, 304
/?sort=price_desc	PUT, 404
/products	POST, 304
/contact	GET, 301
/products/category/clothing	PUT, 200
/home?category=electronics&sort=price_desc	GET, 400
/register	GET, 400
/products/category/electronics?page=2	GET, 304
/search?category=electronics&q=search+term	GET, 304
/products/category/clothing?page=2&q=search+term	PUT, 200
/?sort=price_desc	GET, 200
/search	GET, 302
/checkout	POST, 302
/cart	GET, 302
/search	GET, 200
/products	POST, 403
/api/users	DELETE, 500
/home	GET, 500
/	PUT, 304
/search	GET, 200
/api/users	GET, 404
/products/category/electronics	GET, 301
/cart	DELETE, 200
/api/users	GET, 200
/products/category/clothing	POST, 400
/search?sort=price_desc&q=search+term&page=2	GET, 404
/blog?page=2&q=search+term&category=electronics	GET, 200
/register?page=2&q=search+term&sort=price_desc	DELETE, 200
/products/category/clothing	GET, 200
/api/users	GET, 200
/search	GET, 200
/about	GET, 200
/register	GET, 404
/api/users?sort=price_desc&page=2	POST, 302
/home?category=electronics	DELETE, 200
/search?q=search+term	POST, 304
/checkout	PUT, 500
/home	PUT, 200
/login	GET, 200
/checkout	GET, 500
/products/category/clothing	GET, 403
/api/users	PUT, 404
/services?category=electronics	POST, 404
/?page=2	GET, 404
/products/category/clothing	GET, 403
/home?q=search+term	POST, 403
/checkout?page=2	GET, 500
/checkout?sort=price_desc&category=electronics&limit=20	GET, 403
/api/users	POST, 400
/services?category=electronics&page=2	POST, 304
/products?sort=price_desc	PUT, 200
/search	DELETE, 302
/home	PUT, 301
/home	DELETE, 304
/login	DELETE, 500
/register?sort=price_desc&page=2	PUT, 200
/services	GET, 404
/login	DELETE, 200
/services?sort=price_desc&page=2&q=search+term	POST, 200
/api/users?page=2&category=electronics&sort=price_desc	DELETE, 302
/products	DELETE, 301
/blog	GET, 403
/products/category/electronics	DELETE, 404
/services	GET, 500
/services	POST, 302
/checkout	GET, 304
/blog?sort=price_desc	GET, 302
/about?sort=price_desc	GET, 500
/api/users	GET, 304
/blog	GET, 200
/home?sort=price_desc	GET, 302
/login	GET, 200
/api/users	PUT, 200
/login	POST, 302
/cart?page=2&category=electronics	POST, 304
/products	DELETE, 404
/cart	GET, 301
/home	GET, 200
/products	DELETE, 200
/register	GET, 400
/products/category/clothing	GET, 200
/products	GET, 404
/contact	DELETE, 403
/api/users	GET, 400
/search	POST, 500
/checkout?page=2&q=search+term	GET, 301
/blog?q=search+term&limit=20&sort=price_desc	GET, 500
/register	POST, 200
/services	GET, 500
/api/users	PUT, 400
/register	PUT, 500
/login	GET, 400
/products/category/electronics?sort=price_desc	DELETE, 304
/home?category=electronics&page=2&sort=price_desc	PUT, 301
/blog	PUT, 403
/search?sort=price_desc&category=electronics&page=2	GET, 200
/products/category/electronics	POST, 403
/api/users	PUT, 403
/login?page=2&category=electronics&sort=price_desc	GET, 404
/	GET, 500
/services?page=2&category=electronics&limit=20	GET, 200
/home	GET, 304
/home	GET, 200
/?q=search+term&sort=price_desc	GET, 404
/search?q=search+term&sort=price_desc&page=2	DELETE, 200
/products	GET, 302
/blog	POST, 301
/search	DELETE, 400
/products/category/electronics	DELETE, 500
/services	GET, 400
/products/category/electronics	POST, 200
/home	PUT, 302
/search	GET, 500
/products/category/electronics	GET, 301
/search?page=2	GET, 200
/services?limit=20&sort=price_desc&q=search+term	PUT, 404
/services	GET, 500
/about	GET, 400
/products?sort=price_desc	GET, 404
/products/category/electronics	GET, 304
/checkout	GET, 500
/products	DELETE, 302
/products/category/clothing	GET, 404
/contact	DELETE, 200
/contact	DELETE, 302
/api/users?page=2&q=search+term&sort=price_desc	GET, 403
/about	GET, 403
/search	GET, 200
/	POST, 200
/products/category/electronics	PUT, 304
/register	PUT, 200
/about?q=search+term&page=2&category=electronics	GET, 403
/products/category/electronics	POST, 301
/search	POST, 500
/register	GET, 302
/contact	POST, 400
/api/users	GET, 404
/products/category/electronics	DELETE, 200
/products	PUT, 200
/cart?sort=price_desc	DELETE, 301
/register	DELETE, 302
/register	POST, 200
/search	PUT, 302
/api/users	PUT, 403
/contact	GET, 302
/register	GET, 404
/search	GET, 403
/products/category/clothing?sort=price_desc&page=2	PUT, 403
/services	GET, 301
/products/category/electronics?sort=price_desc	POST, 400
/cart	PUT, 301
/products	GET, 200
/about	GET, 500
/about	PUT, 301
/products	PUT, 400
/search?q=search+term&category=electronics	PUT, 500
/cart	GET, 200
/	DELETE, 304
/services	PUT, 200
/search?limit=20&sort=price_desc&page=2	POST, 301
/services	GET, 304
/contact	PUT, 200
/login	GET, 400
/?sort=price_desc&q=search+term	PUT, 302
/products?sort=price_desc&page=2	GET, 500
/login	GET, 200
/home	GET, 200
/register	PUT, 500
/about	DELETE, 304
/login	GET, 400
/search	DELETE, 400
/login	POST, 200
/products	GET, 404
/about	GET, 500
/products/category/electronics	PUT, 404
/about	GET, 304
/home?page=2&sort=price_desc&category=electronics	DELETE, 200
/services	GET, 302
/home	PUT, 200
/services	GET, 200
/cart?category=electronics&sort=price_desc	GET, 500
/home	GET, 301
/services	GET, 302
/home	GET, 200
/blog	GET, 200
/search	GET, 500
/login	GET, 404
/blog	GET, 200
/?page=2&sort=price_desc&limit=20	PUT, 500
/contact	PUT, 400
/about	PUT, 400
/services?category=electronics&q=search+term	GET, 200
/register?category=electronics	POST, 301
/products/category/clothing	POST, 403
/search?sort=price_desc	POST, 404
/about	DELETE, 200
/about	GET, 404
/cart	GET, 301
/api/users?category=electronics&limit=20	GET, 304
/products/category/clothing	GET, 200
/about	DELETE, 500
/register	GET, 403
/products	PUT, 200
/products	GET, 304
/about?page=2&sort=price_desc	PUT, 301
/	PUT, 403
/about	DELETE, 400
/blog?sort=price_desc	GET, 404
/cart	PUT, 301
/	DELETE, 403
/register	GET, 400
/products/category/clothing	PUT, 200
/home	POST, 200
/contact	GET, 200
/products/category/clothing	POST, 302
/login	GET, 301
/products?sort=price_desc&category=electronics&q=search+term	GET, 200
/about?page=2&sort=price_desc&q=search+term	GET, 302
/login?category=electronics&q=search+term	DELETE, 404
/products	GET, 500
/cart	DELETE, 304
/products/category/clothing	DELETE, 200
/products	PUT, 301
/products/category/clothing	PUT, 302
/login?limit=20&page=2	DELETE, 301
/register	GET, 404
/contact	PUT, 404
/contact	PUT, 302
/services?sort=price_desc&q=search+term	PUT, 301
/products/category/clothing	GET, 403
/products	DELETE, 200
/api/users	GET, 403
/?page=2	GET, 403
/register?sort=price_desc	GET, 404
/	GET, 301
/search	GET, 301
/home	PUT, 302
/products/category/clothing	PUT, 403
/	DELETE, 301
/home	GET, 200
/products	DELETE, 400
/blog?limit=20	PUT, 302
/search?category=electronics&page=2&sort=price_desc	GET, 301
/checkout?sort=price_desc&page=2&category=electronics	PUT, 500
/contact?limit=20&page=2	GET, 404
/about	POST, 304
/services	DELETE, 200
/products/category/electronics	GET, 200
/cart	GET, 404
/login	GET, 400
/contact?page=2&sort=price_desc&q=search+term	POST, 404
/checkout?page=2&q=search+term&category=electronics	GET, 404
/?sort=price_desc&limit=20	DELETE, 400
/home	POST, 404
/blog?page=2	GET, 404
/contact	PUT, 200
/register	GET, 404
/services	DELETE, 304
/blog	GET, 200
/contact	GET, 200
/about	DELETE, 302
/register	GET, 304
/blog?page=2&category=electronics&sort=price_desc	GET, 200
